This is pdfTeX, Version 3.14159265-2.6-1.40.21 (MiKTeX 21.1) (preloaded format=pdflatex 2021.1.28)  28 JAN 2021 16:27
entering extended mode
**./glossary2.tex
(glossary2.tex
LaTeX2e <2020-10-01> patch level 4
L3 programming layer <2021-01-09> xparse <2020-03-03>
(C:\Users\admin\AppData\Local\Programs\MiKTeX\tex/latex/base\article.cls
Document Class: article 2020/04/10 v1.4m Standard LaTeX document class
(C:\Users\admin\AppData\Local\Programs\MiKTeX\tex/latex/base\size10.clo
File: size10.clo 2020/04/10 v1.4m Standard LaTeX file (size option)
)
\c@part=\count177
\c@section=\count178
\c@subsection=\count179
\c@subsubsection=\count180
\c@paragraph=\count181
\c@subparagraph=\count182
\c@figure=\count183
\c@table=\count184
\abovecaptionskip=\skip47
\belowcaptionskip=\skip48
\bibindent=\dimen138
)
(C:\Users\admin\AppData\Local\Programs\MiKTeX\tex/latex/base\inputenc.sty
Package: inputenc 2020/08/01 v1.3d Input encoding file
\inpenc@prehook=\toks15
\inpenc@posthook=\toks16
)
(C:\Users\admin\AppData\Local\Programs\MiKTeX\tex/latex/glossaries/base\glossar
ies.sty
Package: glossaries 2020/03/19 v4.46 (NLCT)
 (C:\Users\admin\AppData\Local\Programs\MiKTeX\tex/latex/base\ifthen.sty
Package: ifthen 2014/09/29 v1.1c Standard LaTeX ifthen package (DPC)
) (C:\Users\admin\AppData\Local\Programs\MiKTeX\tex/latex/xkeyval\xkeyval.sty
Package: xkeyval 2020/11/20 v2.8 package option processing (HA)

(C:\Users\admin\AppData\Local\Programs\MiKTeX\tex/generic/xkeyval\xkeyval.tex
(C:\Users\admin\AppData\Local\Programs\MiKTeX\tex/generic/xkeyval\xkvutils.tex
\XKV@toks=\toks17
\XKV@tempa@toks=\toks18

(C:\Users\admin\AppData\Local\Programs\MiKTeX\tex/generic/xkeyval\keyval.tex))
\XKV@depth=\count185
File: xkeyval.tex 2014/12/03 v2.7a key=value parser (HA)
)) (C:\Users\admin\AppData\Local\Programs\MiKTeX\tex/latex/mfirstuc\mfirstuc.st
y
Package: mfirstuc 2017/11/14 v2.06 (NLCT)
(C:\Users\admin\AppData\Local\Programs\MiKTeX\tex/latex/etoolbox\etoolbox.sty
Package: etoolbox 2020/10/05 v2.5k e-TeX tools for LaTeX (JAW)
\etb@tempcnta=\count186
)
\@glsmfirst=\toks19
\@glsmrest=\toks20
) (C:\Users\admin\AppData\Local\Programs\MiKTeX\tex/latex/textcase\textcase.sty
Package: textcase 2019/09/14 v1.00 Text only upper/lower case changing (DPC)
) (C:\Users\admin\AppData\Local\Programs\MiKTeX\tex/latex/xfor\xfor.sty
Package: xfor 2009/02/05 v1.05 (NLCT)
)
(C:\Users\admin\AppData\Local\Programs\MiKTeX\tex/latex/datatool\datatool-base.
sty
Package: datatool-base 2019/09/27 v2.32 (NLCT)
 (C:\Users\admin\AppData\Local\Programs\MiKTeX\tex/latex/amsmath\amsmath.sty
Package: amsmath 2020/09/23 v2.17i AMS math features
\@mathmargin=\skip49
For additional information on amsmath, use the `?' option.
(C:\Users\admin\AppData\Local\Programs\MiKTeX\tex/latex/amsmath\amstext.sty
Package: amstext 2000/06/29 v2.01 AMS text

(C:\Users\admin\AppData\Local\Programs\MiKTeX\tex/latex/amsmath\amsgen.sty
File: amsgen.sty 1999/11/30 v2.0 generic functions
\@emptytoks=\toks21
\ex@=\dimen139
))
(C:\Users\admin\AppData\Local\Programs\MiKTeX\tex/latex/amsmath\amsbsy.sty
Package: amsbsy 1999/11/29 v1.2d Bold Symbols
\pmbraise@=\dimen140
)
(C:\Users\admin\AppData\Local\Programs\MiKTeX\tex/latex/amsmath\amsopn.sty
Package: amsopn 2016/03/08 v2.02 operator names
)
\inf@bad=\count187
LaTeX Info: Redefining \frac on input line 234.
\uproot@=\count188
\leftroot@=\count189
LaTeX Info: Redefining \overline on input line 399.
\classnum@=\count190
\DOTSCASE@=\count191
LaTeX Info: Redefining \ldots on input line 496.
LaTeX Info: Redefining \dots on input line 499.
LaTeX Info: Redefining \cdots on input line 620.
\Mathstrutbox@=\box47
\strutbox@=\box48
\big@size=\dimen141
LaTeX Font Info:    Redeclaring font encoding OML on input line 743.
LaTeX Font Info:    Redeclaring font encoding OMS on input line 744.
\macc@depth=\count192
\c@MaxMatrixCols=\count193
\dotsspace@=\muskip16
\c@parentequation=\count194
\dspbrk@lvl=\count195
\tag@help=\toks22
\row@=\count196
\column@=\count197
\maxfields@=\count198
\andhelp@=\toks23
\eqnshift@=\dimen142
\alignsep@=\dimen143
\tagshift@=\dimen144
\tagwidth@=\dimen145
\totwidth@=\dimen146
\lineht@=\dimen147
\@envbody=\toks24
\multlinegap=\skip50
\multlinetaggap=\skip51
\mathdisplay@stack=\toks25
LaTeX Info: Redefining \[ on input line 2923.
LaTeX Info: Redefining \] on input line 2924.
)
(C:\Users\admin\AppData\Local\Programs\MiKTeX\tex/latex/substr\substr.sty
Package: substr 2009/10/20 v1.2 Handle substrings
\c@su@anzahl=\count199
)
(C:\Users\admin\AppData\Local\Programs\MiKTeX\tex/latex/datatool\datatool-fp.st
y
Package: datatool-fp 2019/09/27 v2.32 (NLCT)
 (C:\Users\admin\AppData\Local\Programs\MiKTeX\tex/latex/fp\fp.sty
Package: fp 1995/04/02

`Fixed Point Package', Version 0.8, April 2, 1995 (C) Michael Mehlich
(C:\Users\admin\AppData\Local\Programs\MiKTeX\tex/latex/fp\defpattern.sty
Package: defpattern 1994/10/12
\actioncount=\count266
)
(C:\Users\admin\AppData\Local\Programs\MiKTeX\tex/latex/fp\fp-basic.sty
Package: fp-basic 1996/05/13
\FP@xs=\count267
\FP@xia=\count268
\FP@xib=\count269
\FP@xfa=\count270
\FP@xfb=\count271
\FP@rega=\count272
\FP@regb=\count273
\FP@regs=\count274
\FP@times=\count275
)
(C:\Users\admin\AppData\Local\Programs\MiKTeX\tex/latex/fp\fp-addons.sty
Package: fp-addons 1995/03/15
)
(C:\Users\admin\AppData\Local\Programs\MiKTeX\tex/latex/fp\fp-snap.sty
Package: fp-snap 1995/04/05
)
(C:\Users\admin\AppData\Local\Programs\MiKTeX\tex/latex/fp\fp-exp.sty
Package: fp-exp 1995/04/03
)
(C:\Users\admin\AppData\Local\Programs\MiKTeX\tex/latex/fp\fp-trigo.sty
Package: fp-trigo 1995/04/14
)
(C:\Users\admin\AppData\Local\Programs\MiKTeX\tex/latex/fp\fp-pas.sty
Package: fp-pas 1994/08/29
)
(C:\Users\admin\AppData\Local\Programs\MiKTeX\tex/latex/fp\fp-random.sty
Package: fp-random 1995/02/23
\FPseed=\count276
)
(C:\Users\admin\AppData\Local\Programs\MiKTeX\tex/latex/fp\fp-eqn.sty
Package: fp-eqn 1995/04/03
)
(C:\Users\admin\AppData\Local\Programs\MiKTeX\tex/latex/fp\fp-upn.sty
Package: fp-upn 1996/10/21
)
(C:\Users\admin\AppData\Local\Programs\MiKTeX\tex/latex/fp\fp-eval.sty
Package: fp-eval 1995/04/03
)))
\@dtl@toks=\toks26
\@dtl@tmpcount=\count277
\dtl@tmplength=\skip52
\dtl@sortresult=\count278
\@dtl@numgrpsepcount=\count279
\@dtl@datatype=\count280
\dtl@codeA=\count281
\dtl@codeB=\count282
\@dtl@foreach@level=\count283
)
(C:\Users\admin\AppData\Local\Programs\MiKTeX\tex/latex/glossaries/base\glossar
ies-compatible-307.sty
Package: glossaries-compatible-307 2020/03/19 v4.46 (NLCT)
)
\gls@level=\count284
\@gls@tmpb=\toks27
\gls@tmplen=\skip53
\glskeylisttok=\toks28
\glslabeltok=\toks29
\glsshorttok=\toks30
\glslongtok=\toks31

(C:\Users\admin\AppData\Local\Programs\MiKTeX\tex/latex/glossaries/styles\gloss
ary-hypernav.sty
Package: glossary-hypernav 2020/03/19 v4.46 (NLCT)
)
(C:\Users\admin\AppData\Local\Programs\MiKTeX\tex/latex/glossaries/styles\gloss
ary-list.sty
Package: glossary-list 2020/03/19 v4.46 (NLCT)
\glslistdottedwidth=\skip54
)
(C:\Users\admin\AppData\Local\Programs\MiKTeX\tex/latex/glossaries/styles\gloss
ary-long.sty
Package: glossary-long 2020/03/19 v4.46 (NLCT)

(C:\Users\admin\AppData\Local\Programs\MiKTeX\tex/latex/latex-tools\longtable.s
ty
Package: longtable 2020/01/07 v4.13 Multi-page Table package (DPC)
\LTleft=\skip55
\LTright=\skip56
\LTpre=\skip57
\LTpost=\skip58
\LTchunksize=\count285
\LTcapwidth=\dimen148
\LT@head=\box49
\LT@firsthead=\box50
\LT@foot=\box51
\LT@lastfoot=\box52
\LT@cols=\count286
\LT@rows=\count287
\c@LT@tables=\count288
\c@LT@chunks=\count289
\LT@p@ftn=\toks32
)
\glsdescwidth=\skip59
\glspagelistwidth=\skip60
)
(C:\Users\admin\AppData\Local\Programs\MiKTeX\tex/latex/glossaries/styles\gloss
ary-super.sty
Package: glossary-super 2020/03/19 v4.46 (NLCT)

(C:\Users\admin\AppData\Local\Programs\MiKTeX\tex/latex/supertabular\supertabul
ar.sty
Package: supertabular 2020/02/02 v4.1g the supertabular environment
\c@tracingst=\count290
\ST@wd=\dimen149
\ST@rightskip=\skip61
\ST@leftskip=\skip62
\ST@parfillskip=\skip63
\ST@pageleft=\dimen150
\ST@headht=\dimen151
\ST@tailht=\dimen152
\ST@pagesofar=\dimen153
\ST@pboxht=\dimen154
\ST@lineht=\dimen155
\ST@prevht=\dimen156
\ST@toadd=\dimen157
\ST@dimen=\dimen158
\ST@pbox=\box53
))
(C:\Users\admin\AppData\Local\Programs\MiKTeX\tex/latex/glossaries/styles\gloss
ary-tree.sty
Package: glossary-tree 2020/03/19 v4.46 (NLCT)
\glstreeindent=\skip64
))
\glswrite=\write3
\glo@main@file=\write4
\openout4 = `glossary2.glo'.

Package glossaries Info: Writing glossary file glossary2.glo on input line 5.
 (INP-00-glossary.tex)
(C:\Users\admin\AppData\Local\Programs\MiKTeX\tex/latex/l3backend\l3backend-pdf
tex.def
File: l3backend-pdftex.def 2021-01-09 L3 backend support: PDF output (pdfTeX)
\l__kernel_color_stack_int=\count291
\l__pdf_internal_box=\box54
) (glossary2.aux)
\openout1 = `glossary2.aux'.

LaTeX Font Info:    Checking defaults for OML/cmm/m/it on input line 36.
LaTeX Font Info:    ... okay on input line 36.
LaTeX Font Info:    Checking defaults for OMS/cmsy/m/n on input line 36.
LaTeX Font Info:    ... okay on input line 36.
LaTeX Font Info:    Checking defaults for OT1/cmr/m/n on input line 36.
LaTeX Font Info:    ... okay on input line 36.
LaTeX Font Info:    Checking defaults for T1/cmr/m/n on input line 36.
LaTeX Font Info:    ... okay on input line 36.
LaTeX Font Info:    Checking defaults for TS1/cmr/m/n on input line 36.
LaTeX Font Info:    ... okay on input line 36.
LaTeX Font Info:    Checking defaults for OMX/cmex/m/n on input line 36.
LaTeX Font Info:    ... okay on input line 36.
LaTeX Font Info:    Checking defaults for U/cmr/m/n on input line 36.
LaTeX Font Info:    ... okay on input line 36.
 [1

\openout3 = `glossary2.ist'.

{C:/Users/admin/AppData/Local/MiKTeX/pdftex/config/pdftex.map}] (glossary2.gls)
 [2

] (glossary2.aux) ) 
Here is how much of TeX's memory you used:
 5438 strings out of 479618
 84278 string characters out of 2865026
 412181 words of memory out of 3000000
 22538 multiletter control sequences out of 15000+200000
 409125 words of font info for 47 fonts, out of 3000000 for 9000
 1141 hyphenation exceptions out of 8191
 102i,5n,102p,992b,336s stack positions out of 5000i,500n,10000p,200000b,50000s
<C:/Users/admin/AppData/Local/Programs/MiKTeX/fonts/type1/pu
blic/amsfonts/cm/cmbx10.pfb><C:/Users/admin/AppData/Local/Programs/MiKTeX/fonts
/type1/public/amsfonts/cm/cmbx12.pfb><C:/Users/admin/AppData/Local/Programs/MiK
TeX/fonts/type1/public/amsfonts/cm/cmbx7.pfb><C:/Users/admin/AppData/Local/Prog
rams/MiKTeX/fonts/type1/public/amsfonts/cm/cmmi10.pfb><C:/Users/admin/AppData/L
ocal/Programs/MiKTeX/fonts/type1/public/amsfonts/cm/cmmi7.pfb><C:/Users/admin/A
ppData/Local/Programs/MiKTeX/fonts/type1/public/amsfonts/cm/cmr10.pfb><C:/Users
/admin/AppData/Local/Programs/MiKTeX/fonts/type1/public/amsfonts/cm/cmr17.pfb><
C:/Users/admin/AppData/Local/Programs/MiKTeX/fonts/type1/public/amsfonts/cm/cmr
7.pfb>
Output written on glossary2.pdf (2 pages, 84381 bytes).
PDF statistics:
 41 PDF objects out of 1000 (max. 8388607)
 0 named destinations out of 1000 (max. 500000)
 1 words of extra memory for PDF output out of 10000 (max. 10000000)

